<?xml version="1.0" encoding="UTF-8"?>
<!-- Generated by org.testng.reporters.JUnitXMLReporter -->
<testsuite ignored="2" hostname="SA-RAFROZ-LT" failures="0" tests="1" name="Default test" time="57.573" errors="0" timestamp="02 Mar 2023 20:52:19 GMT">
  <testcase classname="com.qa.ngageplatform.tests.HomePageTest" name="verifyUploadedPDFDocument_HOME008" time="53.038"/>
  <testcase classname="com.qa.ngageplatform.tests.HomePageTest" name="VerifyFavouritesDocList_HOME_004_HOME_005_HOME_006" time="0.0">
    <ignored/>
  </testcase> <!-- VerifyFavouritesDocList_HOME_004_HOME_005_HOME_006 -->
  <testcase classname="com.qa.ngageplatform.tests.HomePageTest" name="verifyRecentDocumentList_HOME_001_HOME_002_HOME_003_HOME007_HOME009" time="0.0">
    <ignored/>
  </testcase> <!-- verifyRecentDocumentList_HOME_001_HOME_002_HOME_003_HOME007_HOME009 -->
</testsuite> <!-- Default test -->
