<?xml version="1.0" encoding="UTF-8"?>
<!-- Generated by org.testng.reporters.JUnitXMLReporter -->
<testsuite ignored="0" hostname="SA-RAFROZ-LT" failures="0" tests="4" name="Default test" time="82.273" errors="0" timestamp="27 Jan 2023 15:48:37 GMT">
  <testcase classname="com.qa.ngageplatform.tests.ReportTest" name="verifyUserlistingReportGraghExist_Report001" time="15.716"/>
  <testcase classname="com.qa.ngageplatform.tests.ReportTest" name="verifyAllWorkItemErrorReportGraghExist_Report005" time="16.257"/>
  <testcase classname="com.qa.ngageplatform.tests.ReportTest" name="verifyUserlistingUpdatedResultReportGraghExist_Report_006" time="16.133"/>
  <testcase classname="com.qa.ngageplatform.tests.ReportTest" name="verifyUserGrouplistingReport_007" time="20.954"/>
</testsuite> <!-- Default test -->
