<?xml version="1.0" encoding="UTF-8"?>
<!-- Generated by org.testng.reporters.JUnitXMLReporter -->
<testsuite ignored="0" hostname="SA-RAFROZ-LT" failures="0" tests="39" name="nGgage Smoke Suite" time="2474.592" errors="0" timestamp="02 Mar 2023 15:42:08 GMT">
  <testcase classname="com.qa.ngageplatform.tests.HomePageTest" name="VerifyFavouritesDocList_HOME_004_HOME_005_HOME_006" time="149.573"/>
  <testcase classname="com.qa.ngageplatform.tests.HomePageTest" name="verifyRecentDocumentList_HOME_001_HOME_002_HOME_003_HOME007_HOME009" time="114.847"/>
  <testcase classname="com.qa.ngageplatform.tests.HomePageTest" name="verifyUploadedPDFDocument_HOME008" time="44.016"/>
  <testcase classname="com.qa.ngageplatform.tests.MyWorkTest" name="verifyActivityADashboardBarGraphAndWorkItemTableOnAssignmentScreen_MW015" time="33.529"/>
  <testcase classname="com.qa.ngageplatform.tests.MyWorkTest" name="verifyActivityADashboardBarGraphAndWorkItemTableOnEventScreen" time="29.768"/>
  <testcase classname="com.qa.ngageplatform.tests.MyWorkTest" name="verifyActivityADashboardBarGraphAndWorkItemTableOnNewVsInprocessScreen" time="46.853"/>
  <testcase classname="com.qa.ngageplatform.tests.MyWorkTest" name="verifyAssignedWorkItem" time="87.636"/>
  <testcase classname="com.qa.ngageplatform.tests.MyWorkTest" name="verifyClosureActionDashboardPageContent_MW014" time="32.079"/>
  <testcase classname="com.qa.ngageplatform.tests.MyWorkTest" name="verifyLockIcon" time="40.531">
    <skipped/>
  </testcase> <!-- verifyLockIcon -->
  <testcase classname="com.qa.ngageplatform.tests.MyWorkTest" name="verifyLockIcon" time="107.218"/>
  <testcase classname="com.qa.ngageplatform.tests.MyWorkTest" name="verifyPaginationInfoAndCustomerNameForWorkItemList_MW001_MW002" time="58.651"/>
  <testcase classname="com.qa.ngageplatform.tests.MyWorkTest" name="verifyProcessDueDateBetweenStartAndEndRange_MW005_MW006" time="68.428"/>
  <testcase classname="com.qa.ngageplatform.tests.MyWorkTest" name="verifyProcessDueDateEndRange_MW004" time="64.42"/>
  <testcase classname="com.qa.ngageplatform.tests.MyWorkTest" name="verifyProcessDueDateStartRange_MW003" time="55.518"/>
  <testcase classname="com.qa.ngageplatform.tests.MyWorkTest" name="verifyProcessesDashboardPageContent_MW013" time="37.063"/>
  <testcase classname="com.qa.ngageplatform.tests.MyWorkTest" name="verifyRightClickOptionForActivityAWithFolderingConfigurationScreenContent" time="33.793"/>
  <testcase classname="com.qa.ngageplatform.tests.MyWorkTest" name="verifyRightClickOptionForReloadOnPostback_MW008_MW009" time="25.592"/>
  <testcase classname="com.qa.ngageplatform.tests.MyWorkTest" name="verifyRouteActivityC_MW010" time="64.598"/>
  <testcase classname="com.qa.ngageplatform.tests.MyWorkTest" name="verifySortingByFolderingConfigurationScreenSelection_MW012" time="110.935"/>
  <testcase classname="com.qa.ngageplatform.tests.MyWorkSimplifiedTest" name="verifyCloserActionActivityADetails_MWS001_To_MWS006" time="116.891"/>
  <testcase classname="com.qa.ngageplatform.tests.ReportTest" name="verifyUserlistingReportGraghExist_Report001" time="15.84"/>
  <testcase classname="com.qa.ngageplatform.tests.RepositoryTest" name="verifySearchResultForBusinessModel_Repo001_Repo002" time="74.613"/>
  <testcase classname="com.qa.ngageplatform.tests.WMITest" name="VerifyNewLinkDefaultTab_WMI5_WMI6" time="67.848"/>
  <testcase classname="com.qa.ngageplatform.tests.WMITest" name="verifyCategoryMenuTab_WMI7" time="91.765"/>
  <testcase classname="com.qa.ngageplatform.tests.WMITest" name="verifyMasterObjectFeatureWorkItemComponents_WMI7" time="21.59"/>
  <testcase classname="com.qa.ngageplatform.tests.WMITest" name="verifyReferenceObjectInlineNewDocumentContent_WMI2_WMI_3_WMI_4" time="79.505"/>
  <testcase classname="com.qa.ngageplatform.tests.MyWorkSimplifiedTest" name="verifyWindowInfoAndCount_MWS007" time="84.872"/>
  <testcase classname="com.qa.ngageplatform.tests.ReportTest" name="verifyAllWorkItemErrorReportGraghExist_Report005" time="15.352"/>
  <testcase classname="com.qa.ngageplatform.tests.RepositoryTest" name="verifySearchResultForDateTimeDoc_Repo003_To_Repo008" time="117.935"/>
  <testcase classname="com.qa.ngageplatform.tests.MyWorkSimplifiedTest" name="verifyPageCount_MWS008" time="41.928"/>
  <testcase classname="com.qa.ngageplatform.tests.ReportTest" name="verifyUserlistingUpdatedResultReportGraghExist_Report_006" time="16.425"/>
  <testcase classname="com.qa.ngageplatform.tests.RepositoryTest" name="verifySearchResultForClosureDoc_Repo009_To_Repo010" time="62.726"/>
  <testcase classname="com.qa.ngageplatform.tests.MyWorkSimplifiedTest" name="verifyRecordSortedAscAndDsc_MWS009" time="60.858"/>
  <testcase classname="com.qa.ngageplatform.tests.ReportTest" name="verifyUserGrouplistingReport_007" time="21.589"/>
  <testcase classname="com.qa.ngageplatform.tests.RepositoryTest" name="verifySearchResultForBusinessModelDoc_Repo011" time="34.897"/>
  <testcase classname="com.qa.ngageplatform.tests.MyWorkSimplifiedTest" name="verifyGetNextIsDisplayesOrNot_MWS010" time="50.302"/>
  <testcase classname="com.qa.ngageplatform.tests.RepositoryTest" name="verifySearchResultForWMIMenu_Repo012" time="92.306"/>
  <testcase classname="com.qa.ngageplatform.tests.RepositoryTest" name="verifyCloser_Repo013" time="29.784"/>
  <testcase classname="com.qa.ngageplatform.tests.RepositoryTest" name="verifyMultivalue_Repo014" time="40.996"/>
</testsuite> <!-- nGgage Smoke Suite -->
