<?xml version="1.0" encoding="UTF-8"?>
<testng-results ignored="0" total="4" passed="4" failed="0" skipped="0">
  <reporter-output>
  </reporter-output>
  <suite started-at="2023-01-27T15:47:15Z" name="Default suite" finished-at="2023-01-27T15:48:37Z" duration-ms="82273">
    <groups>
    </groups>
    <test started-at="2023-01-27T15:47:15Z" name="Default test" finished-at="2023-01-27T15:48:37Z" duration-ms="82273">
      <class name="com.qa.ngageplatform.tests.ReportTest">
        <test-method is-config="true" signature="setup()[pri:0, instance:com.qa.ngageplatform.tests.ReportTest@660f0c]" started-at="2023-01-27T15:47:15Z" name="setup" finished-at="2023-01-27T15:47:19Z" duration-ms="4707" status="PASS">
          <reporter-output>
          </reporter-output>
        </test-method> <!-- setup -->
        <test-method signature="verifyUserlistingReportGraghExist_Report001()[pri:1, instance:com.qa.ngageplatform.tests.ReportTest@660f0c]" started-at="2023-01-27T15:47:19Z" name="verifyUserlistingReportGraghExist_Report001" description="Verify Line gragh is displayed for Security Management User listing" finished-at="2023-01-27T15:47:35Z" duration-ms="15716" status="PASS">
          <reporter-output>
          </reporter-output>
        </test-method> <!-- verifyUserlistingReportGraghExist_Report001 -->
        <test-method is-config="true" signature="tearDown()[pri:0, instance:com.qa.ngageplatform.tests.ReportTest@660f0c]" started-at="2023-01-27T15:47:35Z" name="tearDown" finished-at="2023-01-27T15:47:35Z" duration-ms="191" status="PASS">
          <reporter-output>
          </reporter-output>
        </test-method> <!-- tearDown -->
        <test-method is-config="true" signature="setup()[pri:0, instance:com.qa.ngageplatform.tests.ReportTest@660f0c]" started-at="2023-01-27T15:47:35Z" name="setup" finished-at="2023-01-27T15:47:38Z" duration-ms="2512" status="PASS">
          <reporter-output>
          </reporter-output>
        </test-method> <!-- setup -->
        <test-method signature="verifyAllWorkItemErrorReportGraghExist_Report005()[pri:2, instance:com.qa.ngageplatform.tests.ReportTest@660f0c]" started-at="2023-01-27T15:47:38Z" name="verifyAllWorkItemErrorReportGraghExist_Report005" description="Verify Line gragh is displayed for Security Management User listing" finished-at="2023-01-27T15:47:54Z" duration-ms="16257" status="PASS">
          <reporter-output>
          </reporter-output>
        </test-method> <!-- verifyAllWorkItemErrorReportGraghExist_Report005 -->
        <test-method is-config="true" signature="tearDown()[pri:0, instance:com.qa.ngageplatform.tests.ReportTest@660f0c]" started-at="2023-01-27T15:47:54Z" name="tearDown" finished-at="2023-01-27T15:47:54Z" duration-ms="184" status="PASS">
          <reporter-output>
          </reporter-output>
        </test-method> <!-- tearDown -->
        <test-method is-config="true" signature="setup()[pri:0, instance:com.qa.ngageplatform.tests.ReportTest@660f0c]" started-at="2023-01-27T15:47:54Z" name="setup" finished-at="2023-01-27T15:47:57Z" duration-ms="2515" status="PASS">
          <reporter-output>
          </reporter-output>
        </test-method> <!-- setup -->
        <test-method signature="verifyUserlistingUpdatedResultReportGraghExist_Report_006()[pri:3, instance:com.qa.ngageplatform.tests.ReportTest@660f0c]" started-at="2023-01-27T15:47:57Z" name="verifyUserlistingUpdatedResultReportGraghExist_Report_006" description="Verify Line gragh is displayed for Security Management User listing for Updated result Created By" finished-at="2023-01-27T15:48:13Z" duration-ms="16133" status="PASS">
          <reporter-output>
          </reporter-output>
        </test-method> <!-- verifyUserlistingUpdatedResultReportGraghExist_Report_006 -->
        <test-method is-config="true" signature="tearDown()[pri:0, instance:com.qa.ngageplatform.tests.ReportTest@660f0c]" started-at="2023-01-27T15:48:13Z" name="tearDown" finished-at="2023-01-27T15:48:13Z" duration-ms="178" status="PASS">
          <reporter-output>
          </reporter-output>
        </test-method> <!-- tearDown -->
        <test-method is-config="true" signature="setup()[pri:0, instance:com.qa.ngageplatform.tests.ReportTest@660f0c]" started-at="2023-01-27T15:48:13Z" name="setup" finished-at="2023-01-27T15:48:16Z" duration-ms="2567" status="PASS">
          <reporter-output>
          </reporter-output>
        </test-method> <!-- setup -->
        <test-method signature="verifyUserGrouplistingReport_007()[pri:4, instance:com.qa.ngageplatform.tests.ReportTest@660f0c]" started-at="2023-01-27T15:48:16Z" name="verifyUserGrouplistingReport_007" description="Verify result for Security Management User group listing" finished-at="2023-01-27T15:48:37Z" duration-ms="20954" status="PASS">
          <reporter-output>
          </reporter-output>
        </test-method> <!-- verifyUserGrouplistingReport_007 -->
        <test-method is-config="true" signature="tearDown()[pri:0, instance:com.qa.ngageplatform.tests.ReportTest@660f0c]" started-at="2023-01-27T15:48:37Z" name="tearDown" finished-at="2023-01-27T15:48:37Z" duration-ms="201" status="PASS">
          <reporter-output>
          </reporter-output>
        </test-method> <!-- tearDown -->
      </class> <!-- com.qa.ngageplatform.tests.ReportTest -->
    </test> <!-- Default test -->
  </suite> <!-- Default suite -->
</testng-results>
