<?xml version="1.0" encoding="UTF-8"?>
<testng-results ignored="2" total="3" passed="1" failed="0" skipped="0">
  <reporter-output>
  </reporter-output>
  <suite started-at="2023-03-02T20:51:21Z" name="Default suite" finished-at="2023-03-02T20:52:19Z" duration-ms="57573">
    <groups>
    </groups>
    <test started-at="2023-03-02T20:51:21Z" name="Default test" finished-at="2023-03-02T20:52:19Z" duration-ms="57573">
      <class name="com.qa.ngageplatform.tests.HomePageTest">
        <test-method is-config="true" signature="setup()[pri:0, instance:com.qa.ngageplatform.tests.HomePageTest@17f2dd85]" started-at="2023-03-02T20:51:21Z" name="setup" finished-at="2023-03-02T20:51:25Z" duration-ms="4189" status="PASS">
          <reporter-output>
          </reporter-output>
        </test-method> <!-- setup -->
        <test-method signature="verifyUploadedPDFDocument_HOME008()[pri:1, instance:com.qa.ngageplatform.tests.HomePageTest@17f2dd85]" started-at="2023-03-02T20:51:26Z" name="verifyUploadedPDFDocument_HOME008" description="Verify Pagination Info value of Uploaded Document" finished-at="2023-03-02T20:52:19Z" duration-ms="53038" status="PASS">
          <reporter-output>
          </reporter-output>
        </test-method> <!-- verifyUploadedPDFDocument_HOME008 -->
        <test-method is-config="true" signature="tearDown()[pri:0, instance:com.qa.ngageplatform.tests.HomePageTest@17f2dd85]" started-at="2023-03-02T20:52:19Z" name="tearDown" finished-at="2023-03-02T20:52:19Z" duration-ms="238" status="PASS">
          <reporter-output>
          </reporter-output>
        </test-method> <!-- tearDown -->
      </class> <!-- com.qa.ngageplatform.tests.HomePageTest -->
    </test> <!-- Default test -->
  </suite> <!-- Default suite -->
</testng-results>
